f:\project\planegcs\build\planegcs.dir\debug\vc143.pdb
f:\project\planegcs\build\planegcs.dir\debug\qp_eq.obj
f:\project\planegcs\build\planegcs.dir\debug\subsystem.obj
f:\project\planegcs\build\planegcs.dir\debug\constraints.obj
f:\project\planegcs\build\planegcs.dir\debug\geo.obj
f:\project\planegcs\build\planegcs.dir\debug\gcs.obj
f:\project\planegcs\build\cmakefiles\generate.stamp
f:\project\planegcs\build\debug\planegcs.dll
f:\project\planegcs\build\debug\planegcs.pdb
f:\project\planegcs\build\planegcs.dir\debug\planegcs.ilk
f:\project\planegcs\build\planegcs.dir\debug\planegcs.tlog\cl.command.1.tlog
f:\project\planegcs\build\planegcs.dir\debug\planegcs.tlog\cl.items.tlog
f:\project\planegcs\build\planegcs.dir\debug\planegcs.tlog\cl.read.1.tlog
f:\project\planegcs\build\planegcs.dir\debug\planegcs.tlog\cl.write.1.tlog
f:\project\planegcs\build\planegcs.dir\debug\planegcs.tlog\custombuild.command.1.tlog
f:\project\planegcs\build\planegcs.dir\debug\planegcs.tlog\custombuild.read.1.tlog
f:\project\planegcs\build\planegcs.dir\debug\planegcs.tlog\custombuild.write.1.tlog
f:\project\planegcs\build\planegcs.dir\debug\planegcs.tlog\link.command.1.tlog
f:\project\planegcs\build\planegcs.dir\debug\planegcs.tlog\link.read.1.tlog
f:\project\planegcs\build\planegcs.dir\debug\planegcs.tlog\link.secondary.1.tlog
f:\project\planegcs\build\planegcs.dir\debug\planegcs.tlog\link.write.1.tlog
